\BOOKMARK [1][-]{section.1}{\376\377\117\125\213\002\123\100\130\112\223\310}{}% 1
\BOOKMARK [1][-]{section.2}{\376\377\162\171\202\162}{}% 2
\BOOKMARK [2][-]{subsection.2.1}{\376\377\123\273\116\055\137\303\123\026}{section.2}% 3
\BOOKMARK [2][-]{subsection.2.2}{\376\377\123\077\124\015\140\047}{section.2}% 4
\BOOKMARK [2][-]{subsection.2.3}{\376\377\116\015\123\357\173\341\145\071}{section.2}% 5
\BOOKMARK [2][-]{subsection.2.4}{\376\377\213\033\154\102\121\161\213\130}{section.2}% 6
\BOOKMARK [2][-]{subsection.2.5}{\376\377\122\240\133\306}{section.2}% 7
\BOOKMARK [1][-]{section.3}{\376\377\153\324\162\171\136\143\000\050\000b\000i\000t\000c\000o\000i\000n\000\051}{}% 8
\BOOKMARK [1][-]{section.4}{\376\377\116\345\131\052\136\143\000\050\000E\000T\000H\000\051}{}% 9
\BOOKMARK [2][-]{subsection.4.1}{\376\377\116\345\131\052\127\112\000\050\000E\000t\000h\000e\000r\000e\000u\000m\000\051}{section.4}% 10
\BOOKMARK [2][-]{subsection.4.2}{\376\377\171\046\135\345}{section.4}% 11
\BOOKMARK [2][-]{subsection.4.3}{\376\377\000G\000a\000s}{section.4}% 12
\BOOKMARK [2][-]{subsection.4.4}{\376\377\000F\000o\000r\000k\000s}{section.4}% 13
\BOOKMARK [2][-]{subsection.4.5}{\376\377\171\301\224\160\121\154\224\160\127\060\127\100}{section.4}% 14
\BOOKMARK [2][-]{subsection.4.6}{\376\377\226\334\156\112\121\375\145\170\000\050\000H\000a\000s\000h\000\040\000F\000u\000n\000c\000t\000i\000o\000n\000\051}{section.4}% 15
\BOOKMARK [2][-]{subsection.4.7}{\376\377\000E\000t\000h\000e\000r\000s\000c\000a\000n\000\040\000N\000e\000t\000w\000o\000r\000k}{section.4}% 16
\BOOKMARK [2][-]{subsection.4.8}{\376\377\000M\000e\000t\000a\000m\000a\000s\000k}{section.4}% 17
\BOOKMARK [2][-]{subsection.4.9}{\376\377\146\172\200\375\124\010\175\004\000\050\000S\000m\000a\000r\000t\000\040\000C\000o\000n\000t\000r\000a\000c\000t\000\051}{section.4}% 18
\BOOKMARK [2][-]{subsection.4.10}{\376\377\000s\000o\000l\000i\000d\000i\000t\000y}{section.4}% 19
\BOOKMARK [2][-]{subsection.4.11}{\376\377\000R\000e\000m\000i\000x}{section.4}% 20
\BOOKMARK [1][-]{section.5}{\376\377\165\050\000X\0000\000.\0005\000e\000x\0000\000.\0005\000e\000x\000"\0000\0001\0008\000E\0000\000.\0005\000e\000x\000L\000a\000T\000e\000X\210\375\117\134\142\225\137\161\162\107}{}% 21
\BOOKMARK [1][-]{section.6}{\376\377\136\070\211\213\166\204\152\137\163\207\122\006\221\115}{}% 22
\BOOKMARK [2][-]{subsection.6.1}{\376\377\000B\000e\000r\000n\000o\000u\000l\000l\000i\000\040\000d\000i\000s\000t\000r\000i\000b\000u\000t\000i\000o\000n\000\050\117\057\122\252\122\233\122\006\221\115\000\051}{section.6}% 23
\BOOKMARK [2][-]{subsection.6.2}{\376\377\000B\000i\000n\000o\000m\000i\000a\000l\000\040\000d\000i\000s\000t\000r\000i\000b\000u\000t\000i\000o\000n\000\050\116\214\230\005\122\006\221\115\000\051}{section.6}% 24
\BOOKMARK [2][-]{subsection.6.3}{\376\377\000N\000e\000g\000a\000t\000i\000v\000e\000\040\000B\000i\000n\000o\000m\000i\000a\000l\000\040\000d\000i\000s\000t\000r\000i\000b\000u\000t\000i\000o\000n\000\050\214\240\116\214\230\005\122\006\221\115\000\051}{section.6}% 25
\BOOKMARK [2][-]{subsection.6.4}{\376\377\000G\000e\000o\000m\000e\000t\000r\000i\000c\000\040\000d\000i\000s\000t\000r\000i\000b\000u\000t\000i\000o\000n\000\050\136\176\117\125\122\006\221\115\000\051}{section.6}% 26
\BOOKMARK [2][-]{subsection.6.5}{\376\377\000H\000y\000p\000e\000r\000g\000e\000o\000m\000e\000t\000r\000i\000c\000\040\000d\000i\000s\000t\000r\000i\000b\000u\000t\000i\000o\000n\000\050\215\205\136\176\117\125\122\006\221\115\000\051}{section.6}% 27
\BOOKMARK [2][-]{subsection.6.6}{\376\377\000P\000o\000i\000s\000s\000o\000n\000\040\000d\000i\000s\000t\000r\000i\000b\000u\000t\000i\000o\000n\000\050\123\134\164\346\147\176\122\006\221\115\000\051}{section.6}% 28
\BOOKMARK [2][-]{subsection.6.7}{\376\377\000D\000i\000s\000c\000r\000e\000t\000e\000\040\000U\000n\000i\000f\000o\000r\000m\000\040\000d\000i\000s\000t\000r\000i\000b\000u\000t\000i\000o\000n\000\050\226\342\145\143\127\107\122\373\122\006\221\115\000\051}{section.6}% 29
\BOOKMARK [2][-]{subsection.6.8}{\376\377\000M\000u\000l\000t\000i\000n\000o\000m\000i\000a\000l\000\040\000d\000i\000s\000t\000r\000i\000b\000u\000t\000i\000o\000n\000\050\131\032\230\005\122\006\221\115\000\051}{section.6}% 30
\BOOKMARK [2][-]{subsection.6.9}{\376\377\000l\000o\000g\000a\000r\000i\000t\000h\000m\000\040\000d\000i\000s\000t\000r\000i\000b\000u\000t\000i\000o\000n\000\050\134\015\145\170\122\006\221\115\000\051}{section.6}% 31
\BOOKMARK [2][-]{subsection.6.10}{\376\377\000Z\000e\000t\000a\000\040\000d\000i\000s\000t\000r\000i\000b\000u\000t\000i\000o\000n\000\050\000Z\000e\000t\000a\122\006\221\115\000\051}{section.6}% 32
\BOOKMARK [2][-]{subsection.6.11}{\376\377\000U\000n\000i\000f\000o\000r\000m\000\040\000d\000i\000s\000t\000r\000i\000b\000u\000t\000i\000o\000n\000\050\127\107\122\373\122\006\221\115\000\051}{section.6}% 33
\BOOKMARK [2][-]{subsection.6.12}{\376\377\000\050\000N\000e\000g\000a\000t\000i\000v\000e\000\051\000E\000x\000p\000o\000n\000e\000n\000t\000i\000a\000l\000\040\000d\000i\000s\000t\000r\000i\000b\000u\000t\000i\000o\000n\000\050\143\007\145\170\122\006\221\115\000\051}{section.6}% 34
\BOOKMARK [2][-]{subsection.6.13}{\376\377\000c\000h\000i\000-\000s\000q\000u\000a\000r\000e\000\040\000d\000i\000s\000t\000r\000i\000b\000u\000t\000i\000o\000n\000\050\123\141\145\271\122\006\221\115\000\051}{section.6}% 35
\BOOKMARK [2][-]{subsection.6.14}{\376\377\000t\000-\000d\000i\000s\000t\000r\000i\000b\000u\000t\000i\000o\000n\000\050\000t\000\040\122\006\221\115\000\051}{section.6}% 36
\BOOKMARK [2][-]{subsection.6.15}{\376\377\000F\000-\000d\000i\000s\000t\000r\000i\000b\000u\000t\000i\000o\000n\000\050\000F\000\040\122\006\221\115\000\051}{section.6}% 37
\BOOKMARK [2][-]{subsection.6.16}{\376\377\000G\000a\000m\000m\000a\000\040\000d\000i\000s\000t\000r\000i\000b\000u\000t\000i\000o\000n\000\050\117\075\164\152\122\006\221\115\000\051}{section.6}% 38
\BOOKMARK [2][-]{subsection.6.17}{\376\377\000B\000e\000t\000a\000\040\000d\000i\000s\000t\000r\000i\000b\000u\000t\000i\000o\000n\000\050\214\235\130\124\122\006\221\115\000\051}{section.6}% 39
\BOOKMARK [2][-]{subsection.6.18}{\376\377\000N\000o\000r\000m\000a\000l\000\040\000d\000i\000s\000t\000r\000i\000b\000u\000t\000i\000o\000n\000\050\136\070\141\113\122\006\221\115\000\051}{section.6}% 40
\BOOKMARK [2][-]{subsection.6.19}{\376\377\000S\000t\000a\000n\000d\000a\000r\000d\000\040\000N\000o\000r\000m\000a\000l\000\040\000d\000i\000s\000t\000r\000i\000b\000u\000t\000i\000o\000n\000\050\152\031\156\226\136\070\141\113\122\006\221\115\000\051}{section.6}% 41
\BOOKMARK [2][-]{subsection.6.20}{\376\377\000B\000i\000v\000a\000r\000i\000a\000t\000e\000\040\000N\000o\000r\000m\000a\000l\000\040\000D\000i\000s\000t\000r\000i\000b\000u\000t\000i\000o\000n\000\050\116\214\121\103\136\070\141\113\122\006\221\115\000\051}{section.6}% 42
\BOOKMARK [2][-]{subsection.6.21}{\376\377\000M\000u\000l\000t\000i\000v\000a\000r\000i\000a\000t\000e\000\040\000N\000o\000r\000m\000a\000l\000\040\000d\000i\000s\000t\000r\000i\000b\000u\000t\000i\000o\000n\000\050\131\032\175\255\136\246\136\070\141\113\122\006\221\115\000\051}{section.6}% 43
\BOOKMARK [2][-]{subsection.6.22}{\376\377\000W\000e\000i\000b\000u\000l\000l\000\040\000d\000i\000s\000t\000r\000i\000b\000u\000t\000i\000o\000n\000\050\227\313\117\057\122\006\221\115\000\051}{section.6}% 44
\BOOKMARK [2][-]{subsection.6.23}{\376\377\211\007\226\334\145\170\133\170\137\017}{section.6}% 45
