\BOOKMARK [1][-]{section.1}{\376\377\226\342\145\143\127\213\122\006\221\115}{}% 1
\BOOKMARK [2][-]{subsection.1.1}{\376\377\117\057\122\252\122\233\122\006\221\115\000\050\000B\000e\000r\000n\000o\000u\000l\000l\000i\000\040\000D\000i\000s\000t\000r\000i\000b\000u\000t\000i\000o\000n\000\051}{section.1}% 2
\BOOKMARK [2][-]{subsection.1.2}{\376\377\116\214\230\005\122\006\221\115\000\050\000B\000i\000n\000o\000m\000i\000a\000l\000\040\000D\000i\000s\000t\000r\000i\000b\000u\000t\000i\000o\000n\000\051}{section.1}% 3
\BOOKMARK [2][-]{subsection.1.3}{\376\377\000N\000e\000g\000a\000t\000i\000v\000e\000\040\000B\000i\000n\000o\000m\000i\000a\000l\000\040\000D\000i\000s\000t\000r\000i\000b\000u\000t\000i\000o\000n\000\050\214\240\116\214\230\005\122\006\221\115\000\051}{section.1}% 4
\BOOKMARK [1][-]{section.2}{\376\377\220\043\176\214\127\213\122\006\221\115}{}% 5
\BOOKMARK [2][-]{subsection.2.1}{\376\377\123\141\145\271\122\006\221\115\000\050\000C\000h\000i\000-\000s\000q\000u\000a\000r\000e\000\040\000d\000i\000s\000t\000r\000i\000b\000u\000t\000i\000o\000n\000\051}{section.2}% 6
\BOOKMARK [2][-]{subsection.2.2}{\376\377\000t\000\040\122\006\221\115\000\050\000t\000-\000D\000i\000s\000t\000r\000i\000b\000u\000t\000i\000o\000n\000\051}{section.2}% 7
\BOOKMARK [2][-]{subsection.2.3}{\376\377\000F\000\040\122\006\221\115\000\050\000F\000-\000D\000i\000s\000t\000r\000i\000b\000u\000t\000i\000o\000n\000\051}{section.2}% 8
\BOOKMARK [2][-]{subsection.2.4}{\376\377\117\075\164\152\122\006\221\115\000\050\000G\000a\000m\000m\000a\000\040\000D\000i\000s\000t\000r\000i\000b\000u\000t\000i\000o\000n\000\051}{section.2}% 9
\BOOKMARK [2][-]{subsection.2.5}{\376\377\214\235\130\124\122\006\221\115\000\050\000B\000e\000t\000a\000\040\000D\000i\000s\000t\000r\000i\000b\000u\000t\000i\000o\000n\000\051}{section.2}% 10
\BOOKMARK [2][-]{subsection.2.6}{\376\377\136\070\141\113\122\006\221\115\000\050\000N\000o\000r\000m\000a\000l\000\040\000D\000i\000s\000t\000r\000i\000b\000u\000t\000i\000o\000n\000\051}{section.2}% 11
\BOOKMARK [1][-]{section.3}{\376\377\142\275\152\043\122\006\221\115\000\050\000S\000a\000m\000p\000l\000i\000n\000g\000\040\000d\000i\000s\000t\000r\000i\000b\000u\000t\000i\000o\000n\000\051}{}% 12
\BOOKMARK [2][-]{subsection.3.1}{\376\377\127\372\147\054\213\212\145\170}{section.3}% 13
\BOOKMARK [3][-]{subsubsection.3.1.1}{\376\377\136\070\141\113\122\006\221\115}{subsection.3.1}% 14
\BOOKMARK [3][-]{subsubsection.3.1.2}{\376\377\143\007\145\170\122\006\221\115}{subsection.3.1}% 15
\BOOKMARK [3][-]{subsubsection.3.1.3}{\376\377\000F\122\006\221\115}{subsection.3.1}% 16
\BOOKMARK [3][-]{subsubsection.3.1.4}{\376\377\116\214\230\005\122\006\221\115}{subsection.3.1}% 17
\BOOKMARK [2][-]{subsection.3.2}{\376\377\226\250\152\137\142\275\152\043\166\204\136\163\127\107\145\170\122\006\117\110}{section.3}% 18
\BOOKMARK [2][-]{subsection.3.3}{\376\377\204\231\127\060\123\141\177\205\152\041\144\354}{section.3}% 19
\BOOKMARK [1][-]{section.4}{\376\377\175\120\212\236}{}% 20
